start_addr: 0x80401f8
end_addr: 0x8040206
type: uncond
instrs: 8
successors: ['0x804020a']
adj_instr: 0x804020a
---------------------------
start_addr: 0x804020a
end_addr: 0x804020e
type: ret
instrs: 3
successors: []
adj_instr: None
---------------------------
start_addr: 0x804021c
end_addr: 0x8040226
type: uncond
instrs: 6
successors: ['0x804022a']
adj_instr: 0x804022a
---------------------------
start_addr: 0x804022a
end_addr: 0x804022a
type: ret
instrs: 1
successors: []
adj_instr: None
---------------------------
start_addr: 0x8040238
end_addr: 0x8040250
type: uncond
instrs: 10
successors: ['0x8040258']
adj_instr: 0x8040252
---------------------------
start_addr: 0x8040252
end_addr: 0x804025e
type: cond
instrs: 7
successors: ['0x8040252']
adj_instr: 0x8040260
---------------------------
start_addr: 0x8040260
end_addr: 0x804026c
type: ret
instrs: 5
successors: []
adj_instr: 0x8040270
---------------------------
start_addr: 0x8040270
end_addr: 0x8040288
type: call
instrs: 12
successors: ['0x8040238']
adj_instr: 0x804028c
---------------------------
start_addr: 0x804028c
end_addr: 0x8040296
type: call
instrs: 5
successors: ['0x8040238']
adj_instr: 0x804029a
---------------------------
start_addr: 0x804029a
end_addr: 0x80402a4
type: call
instrs: 5
successors: ['0x8040238']
adj_instr: 0x80402a8
---------------------------
start_addr: 0x80402a8
end_addr: 0x80402ac
type: uncond
instrs: 3
successors: ['0x804033a']
adj_instr: 0x80402ae
---------------------------
start_addr: 0x80402ae
end_addr: 0x80402c8
type: cond
instrs: 12
successors: ['0x8040330']
adj_instr: 0x80402ca
---------------------------
start_addr: 0x80402ca
end_addr: 0x80402d6
type: cond
instrs: 5
successors: ['0x8040330']
adj_instr: 0x80402d8
---------------------------
start_addr: 0x80402d8
end_addr: 0x80402fc
type: cond
instrs: 18
successors: ['0x8040324']
adj_instr: 0x80402fe
---------------------------
start_addr: 0x80402fe
end_addr: 0x8040322
type: uncond
instrs: 15
successors: ['0x8040328']
adj_instr: 0x8040324
---------------------------
start_addr: 0x8040324
end_addr: 0x804032e
type: uncond
instrs: 5
successors: ['0x8040334']
adj_instr: 0x8040330
---------------------------
start_addr: 0x8040330
end_addr: 0x804033e
type: cond
instrs: 7
successors: ['0x80402ae']
adj_instr: 0x8040340
---------------------------
start_addr: 0x8040340
end_addr: 0x8040348
type: cond
instrs: 4
successors: ['0x804037e']
adj_instr: 0x804034a
---------------------------
start_addr: 0x804034a
end_addr: 0x8040370
type: cond
instrs: 19
successors: ['0x804037e']
adj_instr: 0x8040372
---------------------------
start_addr: 0x8040372
end_addr: 0x804037c
type: uncond
instrs: 5
successors: ['0x8040388']
adj_instr: 0x804037e
---------------------------
start_addr: 0x804037e
end_addr: 0x8040390
type: ret
instrs: 8
successors: []
adj_instr: 0x80403a4
---------------------------
start_addr: 0x80403a4
end_addr: 0x80403aa
type: call
instrs: 4
successors: ['0x8040270']
adj_instr: 0x80403ae
---------------------------
start_addr: 0x80403ae
end_addr: 0x80403d2
type: ret
instrs: 17
successors: []
adj_instr: 0x80403dc
---------------------------
start_addr: 0x80403dc
end_addr: 0x80403e2
type: call
instrs: 4
successors: ['0x8040270']
adj_instr: 0x80403e6
---------------------------
start_addr: 0x80403e6
end_addr: 0x804040a
type: ret
instrs: 17
successors: []
adj_instr: 0x8040414
---------------------------
start_addr: 0x8040414
end_addr: 0x804042e
type: uncond
instrs: 11
successors: ['0x8040446']
adj_instr: 0x8040430
---------------------------
start_addr: 0x8040430
end_addr: 0x804044c
type: cond
instrs: 13
successors: ['0x8040430']
adj_instr: 0x804044e
---------------------------
start_addr: 0x804044e
end_addr: 0x804045e
type: ret
instrs: 7
successors: []
adj_instr: 0x8040468
---------------------------
start_addr: 0x8040468
end_addr: 0x8040478
type: call
instrs: 8
successors: ['0x8040238']
adj_instr: 0x804047c
---------------------------
start_addr: 0x804047c
end_addr: 0x8040486
type: call
instrs: 5
successors: ['0x8040238']
adj_instr: 0x804048a
---------------------------
start_addr: 0x804048a
end_addr: 0x8040492
type: call
instrs: 4
successors: ['0x8040414']
adj_instr: 0x8040496
---------------------------
start_addr: 0x8040496
end_addr: 0x80404a4
type: ret
instrs: 7
successors: []
adj_instr: 0x80404ac
---------------------------
start_addr: 0x80404ac
end_addr: 0x80404bc
type: uncond
instrs: 9
successors: ['0x80404da']
adj_instr: 0x80404be
---------------------------
start_addr: 0x80404be
end_addr: 0x80404c2
type: call
instrs: 2
successors: ['0x8040468']
adj_instr: 0x80404c6
---------------------------
start_addr: 0x80404c6
end_addr: 0x80404e0
type: cond
instrs: 13
successors: ['0x80404be']
adj_instr: 0x80404e2
---------------------------
start_addr: 0x80404e2
end_addr: 0x80404f2
type: ret
instrs: 7
successors: []
adj_instr: 0x80404f6
---------------------------
start_addr: 0x80404f6
end_addr: 0x8040506
type: uncond
instrs: 9
successors: ['0x8040526']
adj_instr: 0x8040508
---------------------------
start_addr: 0x8040508
end_addr: 0x804050c
type: call
instrs: 2
successors: ['0x80403a4']
adj_instr: 0x8040510
---------------------------
start_addr: 0x8040510
end_addr: 0x804052c
type: cond
instrs: 14
successors: ['0x8040508']
adj_instr: 0x804052e
---------------------------
start_addr: 0x804052e
end_addr: 0x804053e
type: ret
instrs: 7
successors: []
adj_instr: 0x8040542
---------------------------
start_addr: 0x8040542
end_addr: 0x8040552
type: uncond
instrs: 9
successors: ['0x8040572']
adj_instr: 0x8040554
---------------------------
start_addr: 0x8040554
end_addr: 0x8040558
type: call
instrs: 2
successors: ['0x80403dc']
adj_instr: 0x804055c
---------------------------
start_addr: 0x804055c
end_addr: 0x8040578
type: cond
instrs: 14
successors: ['0x8040554']
adj_instr: 0x804057a
---------------------------
start_addr: 0x804057a
end_addr: 0x8040596
type: ret
instrs: 10
successors: []
adj_instr: 0x804059a
---------------------------
start_addr: 0x804059a
end_addr: 0x80405a4
type: uncond
instrs: 6
successors: ['0x80405ba']
adj_instr: 0x80405a6
---------------------------
start_addr: 0x80405a6
end_addr: 0x80405c0
type: cond
instrs: 14
successors: ['0x80405a6']
adj_instr: 0x80405c2
---------------------------
start_addr: 0x80405c2
end_addr: 0x80405ce
type: ret
instrs: 5
successors: []
adj_instr: 0x80405d4
---------------------------
start_addr: 0x80405d4
end_addr: 0x80405ea
type: call
instrs: 11
successors: ['0x804059a']
adj_instr: 0x80405ee
---------------------------
start_addr: 0x80405ee
end_addr: 0x80405f2
type: cond
instrs: 3
successors: ['0x804061c']
adj_instr: 0x80405f4
---------------------------
start_addr: 0x80405f4
end_addr: 0x80405fa
type: cond
instrs: 3
successors: ['0x804060a']
adj_instr: 0x80405fc
---------------------------
start_addr: 0x80405fc
end_addr: 0x8040602
type: cond
instrs: 3
successors: ['0x8040656']
adj_instr: 0x8040604
---------------------------
start_addr: 0x8040604
end_addr: 0x8040608
type: uncond
instrs: 2
successors: ['0x804068a']
adj_instr: 0x804060a
---------------------------
start_addr: 0x804060a
end_addr: 0x804061a
type: uncond
instrs: 8
successors: ['0x804068a']
adj_instr: 0x804061c
---------------------------
start_addr: 0x804061c
end_addr: 0x8040654
type: uncond
instrs: 24
successors: ['0x804068a']
adj_instr: 0x8040656
---------------------------
start_addr: 0x8040656
end_addr: 0x8040698
type: ret
instrs: 32
successors: []
adj_instr: 0x80406b8
---------------------------
start_addr: 0x80406b8
end_addr: 0x80406d2
type: ret
instrs: 13
successors: []
adj_instr: 0x80406d8
---------------------------
start_addr: 0x80406d8
end_addr: 0x80406dc
type: call
instrs: 3
successors: ['0x80405d4']
adj_instr: 0x80406e0
---------------------------
start_addr: 0x80406e0
end_addr: 0x80406e6
type: cond
instrs: 4
successors: ['0x804071e']
adj_instr: 0x80406e8
---------------------------
start_addr: 0x80406e8
end_addr: 0x80406ee
type: cond
instrs: 3
successors: ['0x80406fe']
adj_instr: 0x80406f0
---------------------------
start_addr: 0x80406f0
end_addr: 0x80406f6
type: cond
instrs: 3
successors: ['0x804073e']
adj_instr: 0x80406f8
---------------------------
start_addr: 0x80406f8
end_addr: 0x80406fc
type: uncond
instrs: 2
successors: ['0x804075c']
adj_instr: 0x80406fe
---------------------------
start_addr: 0x80406fe
end_addr: 0x8040704
type: call
instrs: 3
successors: ['0x80406b8']
adj_instr: 0x8040708
---------------------------
start_addr: 0x8040708
end_addr: 0x804071c
type: uncond
instrs: 11
successors: ['0x804075c']
adj_instr: 0x804071e
---------------------------
start_addr: 0x804071e
end_addr: 0x8040724
type: call
instrs: 3
successors: ['0x80406b8']
adj_instr: 0x8040728
---------------------------
start_addr: 0x8040728
end_addr: 0x804073c
type: uncond
instrs: 11
successors: ['0x804075c']
adj_instr: 0x804073e
---------------------------
start_addr: 0x804073e
end_addr: 0x8040744
type: call
instrs: 3
successors: ['0x80406b8']
adj_instr: 0x8040748
---------------------------
start_addr: 0x8040748
end_addr: 0x804076a
type: call
instrs: 18
successors: ['0x8041010']
adj_instr: 0x804076e
---------------------------
start_addr: 0x804076e
end_addr: 0x8040772
type: ret
instrs: 2
successors: []
adj_instr: 0x804079c
---------------------------
start_addr: 0x804079c
end_addr: 0x80407e8
type: call
instrs: 34
successors: ['0x8040f70']
adj_instr: 0x80407ec
---------------------------
start_addr: 0x80407ec
end_addr: 0x80407f4
type: call
instrs: 4
successors: ['0x8040f70']
adj_instr: 0x80407f8
---------------------------
start_addr: 0x80407f8
end_addr: 0x804080e
type: call
instrs: 10
successors: ['0x8040c70']
adj_instr: 0x8040812
---------------------------
start_addr: 0x8040812
end_addr: 0x804082a
type: call
instrs: 12
successors: ['0x8040c70']
adj_instr: 0x804082e
---------------------------
start_addr: 0x804082e
end_addr: 0x8040848
type: call
instrs: 12
successors: ['0x8040c70']
adj_instr: 0x804084e
---------------------------
start_addr: 0x804084e
end_addr: 0x8040852
type: ret
instrs: 3
successors: []
adj_instr: None
---------------------------
start_addr: 0x8040860
end_addr: 0x804086c
type: call
instrs: 6
successors: ['0x8040f70']
adj_instr: 0x8040870
---------------------------
start_addr: 0x8040870
end_addr: 0x8040870
type: call
instrs: 1
successors: ['0x80408d0']
adj_instr: 0x8040876
---------------------------
start_addr: 0x8040876
end_addr: 0x8040876
type: ret
instrs: 1
successors: []
adj_instr: None
---------------------------
start_addr: 0x804087c
end_addr: 0x8040888
type: call
instrs: 6
successors: ['0x8040f70']
adj_instr: 0x804088c
---------------------------
start_addr: 0x804088c
end_addr: 0x804088c
type: call
instrs: 1
successors: ['0x80408d0']
adj_instr: 0x8040892
---------------------------
start_addr: 0x8040892
end_addr: 0x8040892
type: ret
instrs: 1
successors: []
adj_instr: None
---------------------------
start_addr: 0x8040898
end_addr: 0x804089c
type: call
instrs: 3
successors: ['0x80409d2']
adj_instr: 0x80408a0
---------------------------
start_addr: 0x80408a0
end_addr: 0x80408a0
type: call
instrs: 1
successors: ['0x804079c']
adj_instr: 0x80408a4
---------------------------
start_addr: 0x80408a4
end_addr: 0x80408c0
type: uncond
instrs: 11
successors: ['0x80408bc']
adj_instr: 0x80408d0
---------------------------
start_addr: 0x80408d0
end_addr: 0x80408d8
type: uncond
instrs: 4
successors: ['0x80408d8']
adj_instr: 0x80408dc
---------------------------
start_addr: 0x80408dc
end_addr: 0x804091c
type: ret
instrs: 27
successors: []
adj_instr: None
---------------------------
start_addr: 0x8040924
end_addr: 0x8040928
type: uncond
instrs: 3
successors: ['0x8040928']
adj_instr: 0x804092a
---------------------------
start_addr: 0x804092a
end_addr: 0x804092e
type: uncond
instrs: 3
successors: ['0x804092e']
adj_instr: 0x8040930
---------------------------
start_addr: 0x8040930
end_addr: 0x804093c
type: ret
instrs: 5
successors: []
adj_instr: None
---------------------------
start_addr: 0x804093e
end_addr: 0x804094a
type: ret
instrs: 5
successors: []
adj_instr: None
---------------------------
start_addr: 0x804094c
end_addr: 0x8040950
type: call
instrs: 3
successors: ['0x8040a80']
adj_instr: 0x8040956
---------------------------
start_addr: 0x8040956
end_addr: 0x8040956
type: ret
instrs: 1
successors: []
adj_instr: None
---------------------------
start_addr: 0x8040958
end_addr: 0x8040964
type: ret
instrs: 5
successors: []
adj_instr: None
---------------------------
start_addr: 0x8040968
end_addr: 0x8040978
type: ret
instrs: 7
successors: []
adj_instr: None
---------------------------
start_addr: 0x8040980
end_addr: 0x8040984
type: call
instrs: 2
successors: ['0x8040958']
adj_instr: 0x8040988
---------------------------
start_addr: 0x8040988
end_addr: 0x804098a
type: uncond
instrs: 2
successors: ['0x8040994']
adj_instr: 0x804098c
---------------------------
start_addr: 0x804098c
end_addr: 0x804099c
type: cond
instrs: 9
successors: ['0x804098c']
adj_instr: 0x804099e
---------------------------
start_addr: 0x804099e
end_addr: 0x80409a0
type: uncond
instrs: 2
successors: ['0x80409a8']
adj_instr: 0x80409a2
---------------------------
start_addr: 0x80409a2
end_addr: 0x80409ac
type: cond
instrs: 5
successors: ['0x80409a2']
adj_instr: 0x80409ae
---------------------------
start_addr: 0x80409ae
end_addr: 0x80409ae
type: call
instrs: 1
successors: ['0x8040fa0']
adj_instr: 0x80409b2
---------------------------
start_addr: 0x80409b2
end_addr: 0x80409b2
type: call
instrs: 1
successors: ['0x8040898']
adj_instr: 0x80409b6
---------------------------
start_addr: 0x80409b6
end_addr: 0x80409b6
type: uncond
instrs: 1
successors: ['0x80409b6']
adj_instr: 0x80409d0
---------------------------
start_addr: 0x80409d0
end_addr: 0x80409d0
type: uncond
instrs: 1
successors: ['0x80409d0']
adj_instr: 0x80409d2
---------------------------
start_addr: 0x80409d2
end_addr: 0x80409de
type: call
instrs: 7
successors: ['0x8040c0c']
adj_instr: 0x80409e2
---------------------------
start_addr: 0x80409e2
end_addr: 0x80409e2
type: call
instrs: 1
successors: ['0x8040968']
adj_instr: 0x80409e6
---------------------------
start_addr: 0x80409e6
end_addr: 0x80409e8
type: call
instrs: 2
successors: ['0x8040a08']
adj_instr: 0x80409ec
---------------------------
start_addr: 0x80409ec
end_addr: 0x80409f0
type: cond
instrs: 3
successors: ['0x80409f8']
adj_instr: 0x80409f2
---------------------------
start_addr: 0x80409f2
end_addr: 0x80409f6
type: uncond
instrs: 3
successors: ['0x80409fc']
adj_instr: 0x80409f8
---------------------------
start_addr: 0x80409f8
end_addr: 0x80409f8
type: call
instrs: 1
successors: ['0x80408dc']
adj_instr: 0x80409fc
---------------------------
start_addr: 0x80409fc
end_addr: 0x8040a04
type: ret
instrs: 5
successors: []
adj_instr: None
---------------------------
start_addr: 0x8040a08
end_addr: 0x8040a1a
type: cond
instrs: 10
successors: ['0x8040a64']
adj_instr: 0x8040a1c
---------------------------
start_addr: 0x8040a1c
end_addr: 0x8040a34
type: call
instrs: 10
successors: ['0x8040c56']
adj_instr: 0x8040a38
---------------------------
start_addr: 0x8040a38
end_addr: 0x8040a3c
type: cond
instrs: 3
successors: ['0x8040a5e']
adj_instr: 0x8040a3e
---------------------------
start_addr: 0x8040a3e
end_addr: 0x8040a42
type: cond
instrs: 3
successors: ['0x8040a58']
adj_instr: 0x8040a44
---------------------------
start_addr: 0x8040a44
end_addr: 0x8040a4c
type: call
instrs: 4
successors: ['0x8040c22']
adj_instr: 0x8040a50
---------------------------
start_addr: 0x8040a50
end_addr: 0x8040a56
type: uncond
instrs: 4
successors: ['0x8040a68']
adj_instr: 0x8040a58
---------------------------
start_addr: 0x8040a58
end_addr: 0x8040a5c
type: uncond
instrs: 3
successors: ['0x8040a68']
adj_instr: 0x8040a5e
---------------------------
start_addr: 0x8040a5e
end_addr: 0x8040a62
type: uncond
instrs: 3
successors: ['0x8040a68']
adj_instr: 0x8040a64
---------------------------
start_addr: 0x8040a64
end_addr: 0x8040a70
type: ret
instrs: 7
successors: []
adj_instr: None
---------------------------
start_addr: 0x8040a80
end_addr: 0x8040a9c
type: ret
instrs: 13
successors: []
adj_instr: None
---------------------------
start_addr: 0x8040aa8
end_addr: 0x8040aea
type: ret
instrs: 28
successors: []
adj_instr: None
---------------------------
start_addr: 0x8040af0
end_addr: 0x8040b06
type: ret
instrs: 10
successors: []
adj_instr: None
---------------------------
start_addr: 0x8040b0c
end_addr: 0x8040b1e
type: cond
instrs: 9
successors: ['0x8040b36']
adj_instr: 0x8040b20
---------------------------
start_addr: 0x8040b20
end_addr: 0x8040b34
type: uncond
instrs: 9
successors: ['0x8040b4c']
adj_instr: 0x8040b36
---------------------------
start_addr: 0x8040b36
end_addr: 0x8040b56
type: ret
instrs: 14
successors: []
adj_instr: None
---------------------------
start_addr: 0x8040b60
end_addr: 0x8040b88
type: cond
instrs: 19
successors: ['0x8040b90']
adj_instr: 0x8040b8a
---------------------------
start_addr: 0x8040b8a
end_addr: 0x8040b8e
type: uncond
instrs: 3
successors: ['0x8040b92']
adj_instr: 0x8040b90
---------------------------
start_addr: 0x8040b90
end_addr: 0x8040bc4
type: ret
instrs: 22
successors: []
adj_instr: None
---------------------------
start_addr: 0x8040bc8
end_addr: 0x8040bd8
type: cond
instrs: 8
successors: ['0x8040bde']
adj_instr: 0x8040bda
---------------------------
start_addr: 0x8040bda
end_addr: 0x8040bdc
type: uncond
instrs: 2
successors: ['0x8040bfe']
adj_instr: 0x8040bde
---------------------------
start_addr: 0x8040bde
end_addr: 0x8040bec
type: call
instrs: 7
successors: ['0x8040b0c']
adj_instr: 0x8040bf0
---------------------------
start_addr: 0x8040bf0
end_addr: 0x8040c04
type: ret
instrs: 11
successors: []
adj_instr: None
---------------------------
start_addr: 0x8040c0c
end_addr: 0x8040c16
type: call
instrs: 6
successors: ['0x8040aa8']
adj_instr: 0x8040c1c
---------------------------
start_addr: 0x8040c1c
end_addr: 0x8040c20
type: ret
instrs: 3
successors: []
adj_instr: None
---------------------------
start_addr: 0x8040c22
end_addr: 0x8040c30
type: call
instrs: 8
successors: ['0x8040af0']
adj_instr: 0x8040c34
---------------------------
start_addr: 0x8040c34
end_addr: 0x8040c3c
type: call
instrs: 5
successors: ['0x8040b60']
adj_instr: 0x8040c40
---------------------------
start_addr: 0x8040c40
end_addr: 0x8040c4a
type: call
instrs: 5
successors: ['0x8040b0c']
adj_instr: 0x8040c50
---------------------------
start_addr: 0x8040c50
end_addr: 0x8040c54
type: ret
instrs: 3
successors: []
adj_instr: None
---------------------------
start_addr: 0x8040c56
end_addr: 0x8040c60
type: call
instrs: 6
successors: ['0x8040bc8']
adj_instr: 0x8040c64
---------------------------
start_addr: 0x8040c64
end_addr: 0x8040c6c
type: ret
instrs: 5
successors: []
adj_instr: None
---------------------------
start_addr: 0x8040c70
end_addr: 0x8040c7e
type: uncond
instrs: 8
successors: ['0x8040f32']
adj_instr: 0x8040c80
---------------------------
start_addr: 0x8040c80
end_addr: 0x8040c94
type: cond
instrs: 10
successors: ['0x8040f2c']
adj_instr: 0x8040c98
---------------------------
start_addr: 0x8040c98
end_addr: 0x8040c9e
type: cond
instrs: 4
successors: ['0x8040cb8']
adj_instr: 0x8040ca0
---------------------------
start_addr: 0x8040ca0
end_addr: 0x8040ca6
type: cond
instrs: 4
successors: ['0x8040cb8']
adj_instr: 0x8040ca8
---------------------------
start_addr: 0x8040ca8
end_addr: 0x8040cae
type: cond
instrs: 4
successors: ['0x8040cb8']
adj_instr: 0x8040cb0
---------------------------
start_addr: 0x8040cb0
end_addr: 0x8040cb6
type: cond
instrs: 4
successors: ['0x8040d1a']
adj_instr: 0x8040cb8
---------------------------
start_addr: 0x8040cb8
end_addr: 0x8040d50
type: cond
instrs: 70
successors: ['0x8040d5a']
adj_instr: 0x8040d52
---------------------------
start_addr: 0x8040d52
end_addr: 0x8040d58
type: cond
instrs: 4
successors: ['0x8040da2']
adj_instr: 0x8040d5a
---------------------------
start_addr: 0x8040d5a
end_addr: 0x8040de0
type: cond
instrs: 58
successors: ['0x8040f2c']
adj_instr: 0x8040de4
---------------------------
start_addr: 0x8040de4
end_addr: 0x8040e0e
type: cond
instrs: 19
successors: ['0x8040e5c']
adj_instr: 0x8040e10
---------------------------
start_addr: 0x8040e10
end_addr: 0x8040e16
type: cond
instrs: 4
successors: ['0x8040e58']
adj_instr: 0x8040e18
---------------------------
start_addr: 0x8040e18
end_addr: 0x8040e1e
type: cond
instrs: 4
successors: ['0x8040e54']
adj_instr: 0x8040e20
---------------------------
start_addr: 0x8040e20
end_addr: 0x8040e26
type: cond
instrs: 4
successors: ['0x8040e50']
adj_instr: 0x8040e28
---------------------------
start_addr: 0x8040e28
end_addr: 0x8040e2e
type: cond
instrs: 4
successors: ['0x8040e4c']
adj_instr: 0x8040e30
---------------------------
start_addr: 0x8040e30
end_addr: 0x8040e36
type: cond
instrs: 4
successors: ['0x8040e48']
adj_instr: 0x8040e38
---------------------------
start_addr: 0x8040e38
end_addr: 0x8040e3e
type: cond
instrs: 4
successors: ['0x8040e44']
adj_instr: 0x8040e40
---------------------------
start_addr: 0x8040e40
end_addr: 0x8040e42
type: uncond
instrs: 2
successors: ['0x8040e5e']
adj_instr: 0x8040e44
---------------------------
start_addr: 0x8040e44
end_addr: 0x8040e46
type: uncond
instrs: 2
successors: ['0x8040e5e']
adj_instr: 0x8040e48
---------------------------
start_addr: 0x8040e48
end_addr: 0x8040e4a
type: uncond
instrs: 2
successors: ['0x8040e5e']
adj_instr: 0x8040e4c
---------------------------
start_addr: 0x8040e4c
end_addr: 0x8040e4e
type: uncond
instrs: 2
successors: ['0x8040e5e']
adj_instr: 0x8040e50
---------------------------
start_addr: 0x8040e50
end_addr: 0x8040e52
type: uncond
instrs: 2
successors: ['0x8040e5e']
adj_instr: 0x8040e54
---------------------------
start_addr: 0x8040e54
end_addr: 0x8040e56
type: uncond
instrs: 2
successors: ['0x8040e5e']
adj_instr: 0x8040e58
---------------------------
start_addr: 0x8040e58
end_addr: 0x8040e5a
type: uncond
instrs: 2
successors: ['0x8040e5e']
adj_instr: 0x8040e5c
---------------------------
start_addr: 0x8040e5c
end_addr: 0x8040e98
type: cond
instrs: 27
successors: ['0x8040ea2']
adj_instr: 0x8040e9a
---------------------------
start_addr: 0x8040e9a
end_addr: 0x8040ec6
type: cond
instrs: 20
successors: ['0x8040ed0']
adj_instr: 0x8040ec8
---------------------------
start_addr: 0x8040ec8
end_addr: 0x8040ef2
type: cond
instrs: 20
successors: ['0x8040efc']
adj_instr: 0x8040ef4
---------------------------
start_addr: 0x8040ef4
end_addr: 0x8040f1c
type: cond
instrs: 20
successors: ['0x8040f26']
adj_instr: 0x8040f1e
---------------------------
start_addr: 0x8040f1e
end_addr: 0x8040f3e
type: cond
instrs: 16
successors: ['0x8040c80']
adj_instr: 0x8040f46
---------------------------
start_addr: 0x8040f46
end_addr: 0x8040f4e
type: ret
instrs: 4
successors: []
adj_instr: None
---------------------------
start_addr: 0x8040f70
end_addr: 0x8040f84
type: cond
instrs: 11
successors: ['0x8040f8e']
adj_instr: 0x8040f86
---------------------------
start_addr: 0x8040f86
end_addr: 0x8040f8c
type: uncond
instrs: 4
successors: ['0x8040f94']
adj_instr: 0x8040f8e
---------------------------
start_addr: 0x8040f8e
end_addr: 0x8040f9e
type: ret
instrs: 7
successors: []
adj_instr: None
---------------------------
start_addr: 0x8040fa0
end_addr: 0x8040fae
type: cond
instrs: 8
successors: ['0x8040fc4']
adj_instr: 0x8040fb0
---------------------------
start_addr: 0x8040fb0
end_addr: 0x8040fb6
type: call
instrs: 4
successors: ['0x8040fe8']
adj_instr: 0x8040fba
---------------------------
start_addr: 0x8040fba
end_addr: 0x8040fc0
type: cond
instrs: 4
successors: ['0x8040fce']
adj_instr: 0x8040fc2
---------------------------
start_addr: 0x8040fc2
end_addr: 0x8040fc2
type: ret
instrs: 1
successors: []
adj_instr: None
---------------------------
start_addr: 0x8040fc4
end_addr: 0x8040fcc
type: uncond
instrs: 4
successors: ['0x8040fac']
adj_instr: 0x8040fce
---------------------------
start_addr: 0x8040fce
end_addr: 0x8040fd6
type: uncond
instrs: 4
successors: ['0x8040fbe']
adj_instr: 0x8040fe8
---------------------------
start_addr: 0x8040fe8
end_addr: 0x8040ff2
type: ret
instrs: 5
successors: []
adj_instr: None
---------------------------
start_addr: 0x8040ff4
end_addr: 0x8040ffe
type: ret
instrs: 5
successors: []
adj_instr: None
---------------------------
start_addr: 0x8041000
end_addr: 0x8041008
type: ret
instrs: 5
successors: []
adj_instr: None
---------------------------
start_addr: 0x8041010
end_addr: 0x8041018
type: ret
instrs: 5
successors: []
adj_instr: None
---------------------------
start_addr: 0x8041020
end_addr: 0x8041028
type: ret
instrs: 5
successors: []
adj_instr: None
---------------------------
start_addr: 0x8041030
end_addr: 0x8041038
type: ret
instrs: 5
successors: []
adj_instr: None
---------------------------
start_addr: 0x8041040
end_addr: 0x8041048
type: ret
instrs: 5
successors: []
adj_instr: None
---------------------------
start_addr: 0x8041050
end_addr: 0x8041058
type: ret
instrs: 5
successors: []
adj_instr: None
---------------------------
start_addr: 0x8041060
end_addr: 0x8041068
type: ret
instrs: 5
successors: []
adj_instr: None
---------------------------
start_addr: 0x8041070
end_addr: 0x8041078
type: ret
instrs: 5
successors: []
adj_instr: None
---------------------------
start_addr: 0x8041080
end_addr: 0x8041088
type: ret
instrs: 5
successors: []
adj_instr: None
---------------------------
start_addr: 0x8040258
end_addr: 0x804025e
type: cond
instrs: 4
successors: ['0x8040252']
adj_instr: 0x8040260
---------------------------
start_addr: 0x804033a
end_addr: 0x804033e
type: cond
instrs: 3
successors: ['0x80402ae']
adj_instr: 0x8040340
---------------------------
start_addr: 0x8040328
end_addr: 0x804032e
type: uncond
instrs: 4
successors: ['0x8040334']
adj_instr: 0x8040330
---------------------------
start_addr: 0x8040334
end_addr: 0x804033e
type: cond
instrs: 6
successors: ['0x80402ae']
adj_instr: 0x8040340
---------------------------
start_addr: 0x8040388
end_addr: 0x8040390
type: ret
instrs: 4
successors: []
adj_instr: 0x80403a4
---------------------------
start_addr: 0x8040446
end_addr: 0x804044c
type: cond
instrs: 3
successors: ['0x8040430']
adj_instr: 0x804044e
---------------------------
start_addr: 0x80404da
end_addr: 0x80404e0
type: cond
instrs: 4
successors: ['0x80404be']
adj_instr: 0x80404e2
---------------------------
start_addr: 0x8040526
end_addr: 0x804052c
type: cond
instrs: 4
successors: ['0x8040508']
adj_instr: 0x804052e
---------------------------
start_addr: 0x8040572
end_addr: 0x8040578
type: cond
instrs: 4
successors: ['0x8040554']
adj_instr: 0x804057a
---------------------------
start_addr: 0x80405ba
end_addr: 0x80405c0
type: cond
instrs: 4
successors: ['0x80405a6']
adj_instr: 0x80405c2
---------------------------
start_addr: 0x804068a
end_addr: 0x8040698
type: ret
instrs: 7
successors: []
adj_instr: 0x80406b8
---------------------------
start_addr: 0x804075c
end_addr: 0x804076a
type: call
instrs: 8
successors: ['0x8041010']
adj_instr: 0x804076e
---------------------------
start_addr: 0x80408bc
end_addr: 0x80408c0
type: uncond
instrs: 2
successors: ['0x80408bc']
adj_instr: 0x80408d0
---------------------------
start_addr: 0x80408d8
end_addr: 0x80408d8
type: uncond
instrs: 1
successors: ['0x80408d8']
adj_instr: 0x80408dc
---------------------------
start_addr: 0x8040928
end_addr: 0x8040928
type: uncond
instrs: 1
successors: ['0x8040928']
adj_instr: 0x804092a
---------------------------
start_addr: 0x804092e
end_addr: 0x804092e
type: uncond
instrs: 1
successors: ['0x804092e']
adj_instr: 0x8040930
---------------------------
start_addr: 0x8040994
end_addr: 0x804099c
type: cond
instrs: 5
successors: ['0x804098c']
adj_instr: 0x804099e
---------------------------
start_addr: 0x80409a8
end_addr: 0x80409ac
type: cond
instrs: 3
successors: ['0x80409a2']
adj_instr: 0x80409ae
---------------------------
start_addr: 0x8040a68
end_addr: 0x8040a70
type: ret
instrs: 5
successors: []
adj_instr: None
---------------------------
start_addr: 0x8040b4c
end_addr: 0x8040b56
type: ret
instrs: 0
successors: []
adj_instr: None
---------------------------
start_addr: 0x8040b92
end_addr: 0x8040bc4
type: ret
instrs: 21
successors: []
adj_instr: None
---------------------------
start_addr: 0x8040bfe
end_addr: 0x8040c04
type: ret
instrs: 4
successors: []
adj_instr: None
---------------------------
start_addr: 0x8040f32
end_addr: 0x8040f3e
type: cond
instrs: 6
successors: ['0x8040c80']
adj_instr: 0x8040f46
---------------------------
start_addr: 0x8040f2c
end_addr: 0x8040f3e
type: cond
instrs: 9
successors: ['0x8040c80']
adj_instr: 0x8040f46
---------------------------
start_addr: 0x8040d1a
end_addr: 0x8040d50
type: cond
instrs: 26
successors: ['0x8040d5a']
adj_instr: 0x8040d52
---------------------------
start_addr: 0x8040da2
end_addr: 0x8040de0
type: cond
instrs: 28
successors: ['0x8040f2c']
adj_instr: 0x8040de4
---------------------------
start_addr: 0x8040e5e
end_addr: 0x8040e98
type: cond
instrs: 26
successors: ['0x8040ea2']
adj_instr: 0x8040e9a
---------------------------
start_addr: 0x8040ea2
end_addr: 0x8040ec6
type: cond
instrs: 16
successors: ['0x8040ed0']
adj_instr: 0x8040ec8
---------------------------
start_addr: 0x8040ed0
end_addr: 0x8040ef2
type: cond
instrs: 16
successors: ['0x8040efc']
adj_instr: 0x8040ef4
---------------------------
start_addr: 0x8040efc
end_addr: 0x8040f1c
type: cond
instrs: 16
successors: ['0x8040f26']
adj_instr: 0x8040f1e
---------------------------
start_addr: 0x8040f26
end_addr: 0x8040f3e
type: cond
instrs: 12
successors: ['0x8040c80']
adj_instr: 0x8040f46
---------------------------
start_addr: 0x8040f94
end_addr: 0x8040f9e
type: ret
instrs: 0
successors: []
adj_instr: None
---------------------------
start_addr: 0x8040fac
end_addr: 0x8040fae
type: cond
instrs: 2
successors: ['0x8040fc4']
adj_instr: 0x8040fb0
---------------------------
start_addr: 0x8040fbe
end_addr: 0x8040fc0
type: cond
instrs: 2
successors: ['0x8040fce']
adj_instr: 0x8040fc2
---------------------------
