start_addr: 0x80401f8
end_addr: 0x8040206
type: uncond
instrs: 8
instr_addrs: 0x80401f8
successors: ['0x804020a']
adj_instr: 0x804020a
-------------------
start_addr: 0x804020a
end_addr: 0x804020e
type: ret
instrs: 3
instr_addrs: 0x804020a
successors: []
adj_instr: None
-------------------
start_addr: 0x804021c
end_addr: 0x8040226
type: uncond
instrs: 6
instr_addrs: 0x804021c
successors: ['0x804022a']
adj_instr: 0x804022a
-------------------
start_addr: 0x804022a
end_addr: 0x804022a
type: ret
instrs: 1
instr_addrs: 0x804022a
successors: []
adj_instr: None
-------------------
start_addr: 0x8040238
end_addr: 0x804024e
type: call
instrs: 10
instr_addrs: 0x8040238
successors: ['0x80402a4']
adj_instr: 0x8040252
-------------------
start_addr: 0x8040252
end_addr: 0x804025e
type: uncond
instrs: 6
instr_addrs: 0x8040252
successors: ['0x8040288']
adj_instr: 0x8040260
-------------------
start_addr: 0x8040260
end_addr: 0x804028c
type: cond
instrs: 21
instr_addrs: 0x8040260
successors: ['0x8040260']
adj_instr: 0x804028e
-------------------
start_addr: 0x804028e
end_addr: 0x804029e
type: ret
instrs: 7
instr_addrs: 0x804028e
successors: ['0x804042a']
adj_instr: None
-------------------
start_addr: 0x80402a4
end_addr: 0x80402b8
type: uncond
instrs: 9
instr_addrs: 0x80402a4
successors: ['0x80402d8']
adj_instr: 0x80402ba
-------------------
start_addr: 0x80402ba
end_addr: 0x80402e2
type: cond
instrs: 19
instr_addrs: 0x80402ba
successors: ['0x80402ba']
adj_instr: 0x80402e4
-------------------
start_addr: 0x80402e4
end_addr: 0x80402f2
type: ret
instrs: 5
instr_addrs: 0x80402e4
successors: ['0x8040252']
adj_instr: None
-------------------
start_addr: 0x80402f8
end_addr: 0x804030c
type: uncond
instrs: 9
instr_addrs: 0x80402f8
successors: ['0x804031c']
adj_instr: 0x804030e
-------------------
start_addr: 0x804030e
end_addr: 0x8040322
type: cond
instrs: 9
instr_addrs: 0x804030e
successors: ['0x804030e']
adj_instr: 0x8040324
-------------------
start_addr: 0x8040324
end_addr: 0x8040332
type: ret
instrs: 5
instr_addrs: 0x8040324
successors: ['0x80403b8', '0x80403d0']
adj_instr: None
-------------------
start_addr: 0x8040334
end_addr: 0x804034a
type: uncond
instrs: 10
instr_addrs: 0x8040334
successors: ['0x8040368']
adj_instr: 0x804034c
-------------------
start_addr: 0x804034c
end_addr: 0x804036e
type: cond
instrs: 14
instr_addrs: 0x804034c
successors: ['0x804034c']
adj_instr: 0x8040370
-------------------
start_addr: 0x8040370
end_addr: 0x8040380
type: ret
instrs: 7
instr_addrs: 0x8040370
successors: ['0x80403f4']
adj_instr: None
-------------------
start_addr: 0x8040388
end_addr: 0x80403b4
type: call
instrs: 19
instr_addrs: 0x8040388
successors: ['0x80402f8']
adj_instr: 0x80403b8
-------------------
start_addr: 0x80403b8
end_addr: 0x80403cc
type: call
instrs: 9
instr_addrs: 0x80403b8
successors: ['0x80402f8']
adj_instr: 0x80403d0
-------------------
start_addr: 0x80403d0
end_addr: 0x80403f0
type: call
instrs: 14
instr_addrs: 0x80403d0
successors: ['0x8040334']
adj_instr: 0x80403f4
-------------------
start_addr: 0x80403f4
end_addr: 0x8040404
type: ret
instrs: 8
instr_addrs: 0x80403f4
successors: ['0x804046a']
adj_instr: None
-------------------
start_addr: 0x804040c
end_addr: 0x8040426
type: call
instrs: 12
instr_addrs: 0x804040c
successors: ['0x8040238']
adj_instr: 0x804042a
-------------------
start_addr: 0x804042a
end_addr: 0x8040436
type: cond
instrs: 6
instr_addrs: 0x804042a
successors: ['0x8040448']
adj_instr: 0x8040438
-------------------
start_addr: 0x8040438
end_addr: 0x8040446
type: uncond
instrs: 6
instr_addrs: 0x8040438
successors: ['0x804048a']
adj_instr: 0x8040448
-------------------
start_addr: 0x8040448
end_addr: 0x804045a
type: uncond
instrs: 8
instr_addrs: 0x8040448
successors: ['0x804047c']
adj_instr: 0x804045c
-------------------
start_addr: 0x804045c
end_addr: 0x8040466
type: call
instrs: 4
instr_addrs: 0x804045c
successors: ['0x8040388']
adj_instr: 0x804046a
-------------------
start_addr: 0x804046a
end_addr: 0x8040480
type: cond
instrs: 10
instr_addrs: 0x804046a
successors: ['0x804045c']
adj_instr: 0x8040482
-------------------
start_addr: 0x8040482
end_addr: 0x8040490
type: ret
instrs: 5
instr_addrs: 0x8040482
successors: []
adj_instr: None
-------------------
start_addr: 0x80404a0
end_addr: 0x80404ec
type: call
instrs: 34
instr_addrs: 0x80404a0
successors: ['0x8040c74']
adj_instr: 0x80404f0
-------------------
start_addr: 0x80404f0
end_addr: 0x80404f8
type: call
instrs: 4
instr_addrs: 0x80404f0
successors: ['0x8040c74']
adj_instr: 0x80404fc
-------------------
start_addr: 0x80404fc
end_addr: 0x8040512
type: call
instrs: 10
instr_addrs: 0x80404fc
successors: ['0x8040974']
adj_instr: 0x8040516
-------------------
start_addr: 0x8040516
end_addr: 0x804052e
type: call
instrs: 12
instr_addrs: 0x8040516
successors: ['0x8040974']
adj_instr: 0x8040532
-------------------
start_addr: 0x8040532
end_addr: 0x804054c
type: call
instrs: 12
instr_addrs: 0x8040532
successors: ['0x8040974']
adj_instr: 0x8040552
-------------------
start_addr: 0x8040552
end_addr: 0x8040556
type: ret
instrs: 3
instr_addrs: 0x8040552
successors: ['0x80405a8']
adj_instr: None
-------------------
start_addr: 0x8040564
end_addr: 0x8040570
type: call
instrs: 6
instr_addrs: 0x8040564
successors: ['0x8040c74']
adj_instr: 0x8040574
-------------------
start_addr: 0x8040574
end_addr: 0x8040574
type: call
instrs: 1
instr_addrs: 0x8040574
successors: ['0x80405d4']
adj_instr: 0x804057a
-------------------
start_addr: 0x804057a
end_addr: 0x804057a
type: ret
instrs: 1
instr_addrs: 0x804057a
successors: []
adj_instr: None
-------------------
start_addr: 0x8040580
end_addr: 0x804058c
type: call
instrs: 6
instr_addrs: 0x8040580
successors: ['0x8040c74']
adj_instr: 0x8040590
-------------------
start_addr: 0x8040590
end_addr: 0x8040590
type: call
instrs: 1
instr_addrs: 0x8040590
successors: ['0x80405d4']
adj_instr: 0x8040596
-------------------
start_addr: 0x8040596
end_addr: 0x8040596
type: ret
instrs: 1
instr_addrs: 0x8040596
successors: []
adj_instr: None
-------------------
start_addr: 0x804059c
end_addr: 0x80405a0
type: call
instrs: 3
instr_addrs: 0x804059c
successors: ['0x80406d6']
adj_instr: 0x80405a4
-------------------
start_addr: 0x80405a4
end_addr: 0x80405a4
type: call
instrs: 1
instr_addrs: 0x80405a4
successors: ['0x80404a0']
adj_instr: 0x80405a8
-------------------
start_addr: 0x80405a8
end_addr: 0x80405ac
type: call
instrs: 3
instr_addrs: 0x80405a8
successors: ['0x8040d48']
adj_instr: 0x80405b0
-------------------
start_addr: 0x80405b0
end_addr: 0x80405b4
type: call
instrs: 3
instr_addrs: 0x80405b0
successors: ['0x8040d48']
adj_instr: 0x80405b8
-------------------
start_addr: 0x80405b8
end_addr: 0x80405bc
type: call
instrs: 3
instr_addrs: 0x80405b8
successors: ['0x8040d48']
adj_instr: 0x80405c0
-------------------
start_addr: 0x80405c0
end_addr: 0x80405c0
type: call
instrs: 1
instr_addrs: 0x80405c0
successors: ['0x8040d18']
adj_instr: 0x80405c4
-------------------
start_addr: 0x80405c4
end_addr: 0x80405c4
type: uncond
instrs: 1
instr_addrs: 0x80405c4
successors: ['0x80405c0']
adj_instr: 0x80405d4
-------------------
start_addr: 0x80405d4
end_addr: 0x80405dc
type: uncond
instrs: 4
instr_addrs: 0x80405d4
successors: ['0x80405dc']
adj_instr: 0x80405e0
-------------------
start_addr: 0x80405e0
end_addr: 0x8040620
type: ret
instrs: 27
instr_addrs: 0x80405e0
successors: ['0x804057a', '0x8040596', '0x8040700']
adj_instr: None
-------------------
start_addr: 0x8040628
end_addr: 0x804062c
type: uncond
instrs: 3
instr_addrs: 0x8040628
successors: ['0x804062c']
adj_instr: 0x804062e
-------------------
start_addr: 0x804062e
end_addr: 0x8040632
type: uncond
instrs: 3
instr_addrs: 0x804062e
successors: ['0x8040632']
adj_instr: 0x8040634
-------------------
start_addr: 0x8040634
end_addr: 0x8040640
type: ret
instrs: 5
instr_addrs: 0x8040634
successors: []
adj_instr: None
-------------------
start_addr: 0x8040642
end_addr: 0x804064e
type: ret
instrs: 5
instr_addrs: 0x8040642
successors: []
adj_instr: None
-------------------
start_addr: 0x8040650
end_addr: 0x8040654
type: call
instrs: 3
instr_addrs: 0x8040650
successors: ['0x8040784']
adj_instr: 0x804065a
-------------------
start_addr: 0x804065a
end_addr: 0x804065a
type: ret
instrs: 1
instr_addrs: 0x804065a
successors: []
adj_instr: None
-------------------
start_addr: 0x804065c
end_addr: 0x8040668
type: ret
instrs: 5
instr_addrs: 0x804065c
successors: ['0x804068c']
adj_instr: None
-------------------
start_addr: 0x804066c
end_addr: 0x8040670
type: call
instrs: 3
instr_addrs: 0x804066c
successors: ['0x8040d28']
adj_instr: 0x8040674
-------------------
start_addr: 0x8040674
end_addr: 0x804067c
type: ret
instrs: 4
instr_addrs: 0x8040674
successors: ['0x80406ea']
adj_instr: None
-------------------
start_addr: 0x8040684
end_addr: 0x8040688
type: call
instrs: 2
instr_addrs: 0x8040684
successors: ['0x804065c']
adj_instr: 0x804068c
-------------------
start_addr: 0x804068c
end_addr: 0x804068e
type: uncond
instrs: 2
instr_addrs: 0x804068c
successors: ['0x8040698']
adj_instr: 0x8040690
-------------------
start_addr: 0x8040690
end_addr: 0x80406a0
type: cond
instrs: 9
instr_addrs: 0x8040690
successors: ['0x8040690']
adj_instr: 0x80406a2
-------------------
start_addr: 0x80406a2
end_addr: 0x80406a4
type: uncond
instrs: 2
instr_addrs: 0x80406a2
successors: ['0x80406ac']
adj_instr: 0x80406a6
-------------------
start_addr: 0x80406a6
end_addr: 0x80406b0
type: cond
instrs: 5
instr_addrs: 0x80406a6
successors: ['0x80406a6']
adj_instr: 0x80406b2
-------------------
start_addr: 0x80406b2
end_addr: 0x80406b2
type: call
instrs: 1
instr_addrs: 0x80406b2
successors: ['0x8040ca4']
adj_instr: 0x80406b6
-------------------
start_addr: 0x80406b6
end_addr: 0x80406b6
type: call
instrs: 1
instr_addrs: 0x80406b6
successors: ['0x804059c']
adj_instr: 0x80406ba
-------------------
start_addr: 0x80406ba
end_addr: 0x80406ba
type: uncond
instrs: 1
instr_addrs: 0x80406ba
successors: ['0x80406ba']
adj_instr: 0x80406d4
-------------------
start_addr: 0x80406d4
end_addr: 0x80406d4
type: uncond
instrs: 1
instr_addrs: 0x80406d4
successors: ['0x80406d4']
adj_instr: 0x80406d6
-------------------
start_addr: 0x80406d6
end_addr: 0x80406e2
type: call
instrs: 7
instr_addrs: 0x80406d6
successors: ['0x8040910']
adj_instr: 0x80406e6
-------------------
start_addr: 0x80406e6
end_addr: 0x80406e6
type: call
instrs: 1
instr_addrs: 0x80406e6
successors: ['0x804066c']
adj_instr: 0x80406ea
-------------------
start_addr: 0x80406ea
end_addr: 0x80406ec
type: call
instrs: 2
instr_addrs: 0x80406ea
successors: ['0x804070c']
adj_instr: 0x80406f0
-------------------
start_addr: 0x80406f0
end_addr: 0x80406f4
type: cond
instrs: 3
instr_addrs: 0x80406f0
successors: ['0x80406fc']
adj_instr: 0x80406f6
-------------------
start_addr: 0x80406f6
end_addr: 0x80406fa
type: uncond
instrs: 3
instr_addrs: 0x80406f6
successors: ['0x8040700']
adj_instr: 0x80406fc
-------------------
start_addr: 0x80406fc
end_addr: 0x80406fc
type: call
instrs: 1
instr_addrs: 0x80406fc
successors: ['0x80405e0']
adj_instr: 0x8040700
-------------------
start_addr: 0x8040700
end_addr: 0x8040708
type: ret
instrs: 5
instr_addrs: 0x8040700
successors: ['0x80405a4']
adj_instr: None
-------------------
start_addr: 0x804070c
end_addr: 0x804071e
type: cond
instrs: 10
instr_addrs: 0x804070c
successors: ['0x8040768']
adj_instr: 0x8040720
-------------------
start_addr: 0x8040720
end_addr: 0x8040738
type: call
instrs: 10
instr_addrs: 0x8040720
successors: ['0x804095a']
adj_instr: 0x804073c
-------------------
start_addr: 0x804073c
end_addr: 0x8040740
type: cond
instrs: 3
instr_addrs: 0x804073c
successors: ['0x8040762']
adj_instr: 0x8040742
-------------------
start_addr: 0x8040742
end_addr: 0x8040746
type: cond
instrs: 3
instr_addrs: 0x8040742
successors: ['0x804075c']
adj_instr: 0x8040748
-------------------
start_addr: 0x8040748
end_addr: 0x8040750
type: call
instrs: 4
instr_addrs: 0x8040748
successors: ['0x8040926']
adj_instr: 0x8040754
-------------------
start_addr: 0x8040754
end_addr: 0x804075a
type: uncond
instrs: 4
instr_addrs: 0x8040754
successors: ['0x804076c']
adj_instr: 0x804075c
-------------------
start_addr: 0x804075c
end_addr: 0x8040760
type: uncond
instrs: 3
instr_addrs: 0x804075c
successors: ['0x804076c']
adj_instr: 0x8040762
-------------------
start_addr: 0x8040762
end_addr: 0x8040766
type: uncond
instrs: 3
instr_addrs: 0x8040762
successors: ['0x804076c']
adj_instr: 0x8040768
-------------------
start_addr: 0x8040768
end_addr: 0x8040774
type: ret
instrs: 7
instr_addrs: 0x8040768
successors: ['0x80406f0']
adj_instr: None
-------------------
start_addr: 0x8040784
end_addr: 0x80407a0
type: ret
instrs: 13
instr_addrs: 0x8040784
successors: ['0x804065a']
adj_instr: None
-------------------
start_addr: 0x80407ac
end_addr: 0x80407ee
type: ret
instrs: 28
instr_addrs: 0x80407ac
successors: ['0x8040920']
adj_instr: None
-------------------
start_addr: 0x80407f4
end_addr: 0x804080a
type: ret
instrs: 10
instr_addrs: 0x80407f4
successors: ['0x8040938']
adj_instr: None
-------------------
start_addr: 0x8040810
end_addr: 0x8040822
type: cond
instrs: 9
instr_addrs: 0x8040810
successors: ['0x804083a']
adj_instr: 0x8040824
-------------------
start_addr: 0x8040824
end_addr: 0x8040838
type: uncond
instrs: 9
instr_addrs: 0x8040824
successors: ['0x8040850']
adj_instr: 0x804083a
-------------------
start_addr: 0x804083a
end_addr: 0x804085a
type: ret
instrs: 14
instr_addrs: 0x804083a
successors: ['0x80408f4', '0x8040954']
adj_instr: None
-------------------
start_addr: 0x8040864
end_addr: 0x804088c
type: cond
instrs: 19
instr_addrs: 0x8040864
successors: ['0x8040894']
adj_instr: 0x804088e
-------------------
start_addr: 0x804088e
end_addr: 0x8040892
type: uncond
instrs: 3
instr_addrs: 0x804088e
successors: ['0x8040896']
adj_instr: 0x8040894
-------------------
start_addr: 0x8040894
end_addr: 0x80408c8
type: ret
instrs: 22
instr_addrs: 0x8040894
successors: ['0x8040944']
adj_instr: None
-------------------
start_addr: 0x80408cc
end_addr: 0x80408dc
type: cond
instrs: 8
instr_addrs: 0x80408cc
successors: ['0x80408e2']
adj_instr: 0x80408de
-------------------
start_addr: 0x80408de
end_addr: 0x80408e0
type: uncond
instrs: 2
instr_addrs: 0x80408de
successors: ['0x8040902']
adj_instr: 0x80408e2
-------------------
start_addr: 0x80408e2
end_addr: 0x80408f0
type: call
instrs: 7
instr_addrs: 0x80408e2
successors: ['0x8040810']
adj_instr: 0x80408f4
-------------------
start_addr: 0x80408f4
end_addr: 0x8040908
type: ret
instrs: 11
instr_addrs: 0x80408f4
successors: ['0x8040968']
adj_instr: None
-------------------
start_addr: 0x8040910
end_addr: 0x804091a
type: call
instrs: 6
instr_addrs: 0x8040910
successors: ['0x80407ac']
adj_instr: 0x8040920
-------------------
start_addr: 0x8040920
end_addr: 0x8040924
type: ret
instrs: 3
instr_addrs: 0x8040920
successors: ['0x80406e6']
adj_instr: None
-------------------
start_addr: 0x8040926
end_addr: 0x8040934
type: call
instrs: 8
instr_addrs: 0x8040926
successors: ['0x80407f4']
adj_instr: 0x8040938
-------------------
start_addr: 0x8040938
end_addr: 0x8040940
type: call
instrs: 5
instr_addrs: 0x8040938
successors: ['0x8040864']
adj_instr: 0x8040944
-------------------
start_addr: 0x8040944
end_addr: 0x804094e
type: call
instrs: 5
instr_addrs: 0x8040944
successors: ['0x8040810']
adj_instr: 0x8040954
-------------------
start_addr: 0x8040954
end_addr: 0x8040958
type: ret
instrs: 3
instr_addrs: 0x8040954
successors: ['0x8040754']
adj_instr: None
-------------------
start_addr: 0x804095a
end_addr: 0x8040964
type: call
instrs: 6
instr_addrs: 0x804095a
successors: ['0x80408cc']
adj_instr: 0x8040968
-------------------
start_addr: 0x8040968
end_addr: 0x8040970
type: ret
instrs: 5
instr_addrs: 0x8040968
successors: ['0x804073c']
adj_instr: None
-------------------
start_addr: 0x8040974
end_addr: 0x8040982
type: uncond
instrs: 8
instr_addrs: 0x8040974
successors: ['0x8040c36']
adj_instr: 0x8040984
-------------------
start_addr: 0x8040984
end_addr: 0x8040998
type: cond
instrs: 10
instr_addrs: 0x8040984
successors: ['0x8040c30']
adj_instr: 0x804099c
-------------------
start_addr: 0x804099c
end_addr: 0x80409a2
type: cond
instrs: 4
instr_addrs: 0x804099c
successors: ['0x80409bc']
adj_instr: 0x80409a4
-------------------
start_addr: 0x80409a4
end_addr: 0x80409aa
type: cond
instrs: 4
instr_addrs: 0x80409a4
successors: ['0x80409bc']
adj_instr: 0x80409ac
-------------------
start_addr: 0x80409ac
end_addr: 0x80409b2
type: cond
instrs: 4
instr_addrs: 0x80409ac
successors: ['0x80409bc']
adj_instr: 0x80409b4
-------------------
start_addr: 0x80409b4
end_addr: 0x80409ba
type: cond
instrs: 4
instr_addrs: 0x80409b4
successors: ['0x8040a1e']
adj_instr: 0x80409bc
-------------------
start_addr: 0x80409bc
end_addr: 0x8040a54
type: cond
instrs: 70
instr_addrs: 0x80409bc
successors: ['0x8040a5e']
adj_instr: 0x8040a56
-------------------
start_addr: 0x8040a56
end_addr: 0x8040a5c
type: cond
instrs: 4
instr_addrs: 0x8040a56
successors: ['0x8040aa6']
adj_instr: 0x8040a5e
-------------------
start_addr: 0x8040a5e
end_addr: 0x8040ae4
type: cond
instrs: 58
instr_addrs: 0x8040a5e
successors: ['0x8040c30']
adj_instr: 0x8040ae8
-------------------
start_addr: 0x8040ae8
end_addr: 0x8040b12
type: cond
instrs: 19
instr_addrs: 0x8040ae8
successors: ['0x8040b60']
adj_instr: 0x8040b14
-------------------
start_addr: 0x8040b14
end_addr: 0x8040b1a
type: cond
instrs: 4
instr_addrs: 0x8040b14
successors: ['0x8040b5c']
adj_instr: 0x8040b1c
-------------------
start_addr: 0x8040b1c
end_addr: 0x8040b22
type: cond
instrs: 4
instr_addrs: 0x8040b1c
successors: ['0x8040b58']
adj_instr: 0x8040b24
-------------------
start_addr: 0x8040b24
end_addr: 0x8040b2a
type: cond
instrs: 4
instr_addrs: 0x8040b24
successors: ['0x8040b54']
adj_instr: 0x8040b2c
-------------------
start_addr: 0x8040b2c
end_addr: 0x8040b32
type: cond
instrs: 4
instr_addrs: 0x8040b2c
successors: ['0x8040b50']
adj_instr: 0x8040b34
-------------------
start_addr: 0x8040b34
end_addr: 0x8040b3a
type: cond
instrs: 4
instr_addrs: 0x8040b34
successors: ['0x8040b4c']
adj_instr: 0x8040b3c
-------------------
start_addr: 0x8040b3c
end_addr: 0x8040b42
type: cond
instrs: 4
instr_addrs: 0x8040b3c
successors: ['0x8040b48']
adj_instr: 0x8040b44
-------------------
start_addr: 0x8040b44
end_addr: 0x8040b46
type: uncond
instrs: 2
instr_addrs: 0x8040b44
successors: ['0x8040b62']
adj_instr: 0x8040b48
-------------------
start_addr: 0x8040b48
end_addr: 0x8040b4a
type: uncond
instrs: 2
instr_addrs: 0x8040b48
successors: ['0x8040b62']
adj_instr: 0x8040b4c
-------------------
start_addr: 0x8040b4c
end_addr: 0x8040b4e
type: uncond
instrs: 2
instr_addrs: 0x8040b4c
successors: ['0x8040b62']
adj_instr: 0x8040b50
-------------------
start_addr: 0x8040b50
end_addr: 0x8040b52
type: uncond
instrs: 2
instr_addrs: 0x8040b50
successors: ['0x8040b62']
adj_instr: 0x8040b54
-------------------
start_addr: 0x8040b54
end_addr: 0x8040b56
type: uncond
instrs: 2
instr_addrs: 0x8040b54
successors: ['0x8040b62']
adj_instr: 0x8040b58
-------------------
start_addr: 0x8040b58
end_addr: 0x8040b5a
type: uncond
instrs: 2
instr_addrs: 0x8040b58
successors: ['0x8040b62']
adj_instr: 0x8040b5c
-------------------
start_addr: 0x8040b5c
end_addr: 0x8040b5e
type: uncond
instrs: 2
instr_addrs: 0x8040b5c
successors: ['0x8040b62']
adj_instr: 0x8040b60
-------------------
start_addr: 0x8040b60
end_addr: 0x8040b9c
type: cond
instrs: 27
instr_addrs: 0x8040b60
successors: ['0x8040ba6']
adj_instr: 0x8040b9e
-------------------
start_addr: 0x8040b9e
end_addr: 0x8040bca
type: cond
instrs: 20
instr_addrs: 0x8040b9e
successors: ['0x8040bd4']
adj_instr: 0x8040bcc
-------------------
start_addr: 0x8040bcc
end_addr: 0x8040bf6
type: cond
instrs: 20
instr_addrs: 0x8040bcc
successors: ['0x8040c00']
adj_instr: 0x8040bf8
-------------------
start_addr: 0x8040bf8
end_addr: 0x8040c20
type: cond
instrs: 20
instr_addrs: 0x8040bf8
successors: ['0x8040c2a']
adj_instr: 0x8040c22
-------------------
start_addr: 0x8040c22
end_addr: 0x8040c42
type: cond
instrs: 16
instr_addrs: 0x8040c22
successors: ['0x8040984']
adj_instr: 0x8040c4a
-------------------
start_addr: 0x8040c4a
end_addr: 0x8040c52
type: ret
instrs: 4
instr_addrs: 0x8040c4a
successors: ['0x8040516', '0x8040532', '0x8040552']
adj_instr: None
-------------------
start_addr: 0x8040c74
end_addr: 0x8040c88
type: cond
instrs: 11
instr_addrs: 0x8040c74
successors: ['0x8040c92']
adj_instr: 0x8040c8a
-------------------
start_addr: 0x8040c8a
end_addr: 0x8040c90
type: uncond
instrs: 4
instr_addrs: 0x8040c8a
successors: ['0x8040c98']
adj_instr: 0x8040c92
-------------------
start_addr: 0x8040c92
end_addr: 0x8040ca2
type: ret
instrs: 7
instr_addrs: 0x8040c92
successors: ['0x80404f0', '0x80404fc', '0x8040574', '0x8040590']
adj_instr: None
-------------------
start_addr: 0x8040ca4
end_addr: 0x8040cb2
type: cond
instrs: 8
instr_addrs: 0x8040ca4
successors: ['0x8040cc8']
adj_instr: 0x8040cb4
-------------------
start_addr: 0x8040cb4
end_addr: 0x8040cba
type: call
instrs: 4
instr_addrs: 0x8040cb4
successors: ['0x8040cec']
adj_instr: 0x8040cbe
-------------------
start_addr: 0x8040cbe
end_addr: 0x8040cc4
type: cond
instrs: 4
instr_addrs: 0x8040cbe
successors: ['0x8040cd2']
adj_instr: 0x8040cc6
-------------------
start_addr: 0x8040cc6
end_addr: 0x8040cc6
type: ret
instrs: 1
instr_addrs: 0x8040cc6
successors: ['0x80406b6']
adj_instr: None
-------------------
start_addr: 0x8040cc8
end_addr: 0x8040cd0
type: uncond
instrs: 4
instr_addrs: 0x8040cc8
successors: ['0x8040cb0']
adj_instr: 0x8040cd2
-------------------
start_addr: 0x8040cd2
end_addr: 0x8040cda
type: uncond
instrs: 4
instr_addrs: 0x8040cd2
successors: ['0x8040cc2']
adj_instr: 0x8040cec
-------------------
start_addr: 0x8040cec
end_addr: 0x8040cf6
type: ret
instrs: 5
instr_addrs: 0x8040cec
successors: ['0x8040cbe']
adj_instr: None
-------------------
start_addr: 0x8040cf8
end_addr: 0x8040d02
type: ret
instrs: 5
instr_addrs: 0x8040cf8
successors: []
adj_instr: None
-------------------
start_addr: 0x8040d04
end_addr: 0x8040d10
type: ret
instrs: 6
instr_addrs: 0x8040d04
successors: []
adj_instr: None
-------------------
start_addr: 0x8040d18
end_addr: 0x8040d20
type: ret
instrs: 5
instr_addrs: 0x8040d18
successors: ['0x80405c4']
adj_instr: None
-------------------
start_addr: 0x8040d28
end_addr: 0x8040d30
type: ret
instrs: 5
instr_addrs: 0x8040d28
successors: ['0x8040674']
adj_instr: None
-------------------
start_addr: 0x8040d38
end_addr: 0x8040d40
type: ret
instrs: 5
instr_addrs: 0x8040d38
successors: []
adj_instr: None
-------------------
start_addr: 0x8040d48
end_addr: 0x8040d50
type: ret
instrs: 5
instr_addrs: 0x8040d48
successors: ['0x80405b0', '0x80405b8', '0x80405c0']
adj_instr: None
-------------------
start_addr: 0x8040288
end_addr: 0x804028c
type: cond
instrs: 3
instr_addrs: 0x8040288
successors: ['0x8040260']
adj_instr: 0x804028e
-------------------
start_addr: 0x80402d8
end_addr: 0x80402e2
type: cond
instrs: 6
instr_addrs: 0x80402d8
successors: ['0x80402ba']
adj_instr: 0x80402e4
-------------------
start_addr: 0x804031c
end_addr: 0x8040322
type: cond
instrs: 4
instr_addrs: 0x804031c
successors: ['0x804030e']
adj_instr: 0x8040324
-------------------
start_addr: 0x8040368
end_addr: 0x804036e
type: cond
instrs: 3
instr_addrs: 0x8040368
successors: ['0x804034c']
adj_instr: 0x8040370
-------------------
start_addr: 0x804048a
end_addr: 0x8040490
type: ret
instrs: 0
instr_addrs: 0x804048a
successors: []
adj_instr: None
-------------------
start_addr: 0x804047c
end_addr: 0x8040480
type: cond
instrs: 3
instr_addrs: 0x804047c
successors: ['0x804045c']
adj_instr: 0x8040482
-------------------
start_addr: 0x80405dc
end_addr: 0x80405dc
type: uncond
instrs: 1
instr_addrs: 0x80405dc
successors: ['0x80405dc']
adj_instr: 0x80405e0
-------------------
start_addr: 0x804062c
end_addr: 0x804062c
type: uncond
instrs: 1
instr_addrs: 0x804062c
successors: ['0x804062c']
adj_instr: 0x804062e
-------------------
start_addr: 0x8040632
end_addr: 0x8040632
type: uncond
instrs: 1
instr_addrs: 0x8040632
successors: ['0x8040632']
adj_instr: 0x8040634
-------------------
start_addr: 0x8040698
end_addr: 0x80406a0
type: cond
instrs: 5
instr_addrs: 0x8040698
successors: ['0x8040690']
adj_instr: 0x80406a2
-------------------
start_addr: 0x80406ac
end_addr: 0x80406b0
type: cond
instrs: 3
instr_addrs: 0x80406ac
successors: ['0x80406a6']
adj_instr: 0x80406b2
-------------------
start_addr: 0x804076c
end_addr: 0x8040774
type: ret
instrs: 5
instr_addrs: 0x804076c
successors: ['0x80406f0']
adj_instr: None
-------------------
start_addr: 0x8040850
end_addr: 0x804085a
type: ret
instrs: 0
instr_addrs: 0x8040850
successors: ['0x80408f4', '0x8040954']
adj_instr: None
-------------------
start_addr: 0x8040896
end_addr: 0x80408c8
type: ret
instrs: 21
instr_addrs: 0x8040896
successors: ['0x8040944']
adj_instr: None
-------------------
start_addr: 0x8040902
end_addr: 0x8040908
type: ret
instrs: 4
instr_addrs: 0x8040902
successors: ['0x8040968']
adj_instr: None
-------------------
start_addr: 0x8040c36
end_addr: 0x8040c42
type: cond
instrs: 6
instr_addrs: 0x8040c36
successors: ['0x8040984']
adj_instr: 0x8040c4a
-------------------
start_addr: 0x8040c30
end_addr: 0x8040c42
type: cond
instrs: 9
instr_addrs: 0x8040c30
successors: ['0x8040984']
adj_instr: 0x8040c4a
-------------------
start_addr: 0x8040a1e
end_addr: 0x8040a54
type: cond
instrs: 26
instr_addrs: 0x8040a1e
successors: ['0x8040a5e']
adj_instr: 0x8040a56
-------------------
start_addr: 0x8040aa6
end_addr: 0x8040ae4
type: cond
instrs: 28
instr_addrs: 0x8040aa6
successors: ['0x8040c30']
adj_instr: 0x8040ae8
-------------------
start_addr: 0x8040b62
end_addr: 0x8040b9c
type: cond
instrs: 26
instr_addrs: 0x8040b62
successors: ['0x8040ba6']
adj_instr: 0x8040b9e
-------------------
start_addr: 0x8040ba6
end_addr: 0x8040bca
type: cond
instrs: 16
instr_addrs: 0x8040ba6
successors: ['0x8040bd4']
adj_instr: 0x8040bcc
-------------------
start_addr: 0x8040bd4
end_addr: 0x8040bf6
type: cond
instrs: 16
instr_addrs: 0x8040bd4
successors: ['0x8040c00']
adj_instr: 0x8040bf8
-------------------
start_addr: 0x8040c00
end_addr: 0x8040c20
type: cond
instrs: 16
instr_addrs: 0x8040c00
successors: ['0x8040c2a']
adj_instr: 0x8040c22
-------------------
start_addr: 0x8040c2a
end_addr: 0x8040c42
type: cond
instrs: 12
instr_addrs: 0x8040c2a
successors: ['0x8040984']
adj_instr: 0x8040c4a
-------------------
start_addr: 0x8040c98
end_addr: 0x8040ca2
type: ret
instrs: 0
instr_addrs: 0x8040c98
successors: ['0x80404f0', '0x80404fc', '0x8040574', '0x8040590']
adj_instr: None
-------------------
start_addr: 0x8040cb0
end_addr: 0x8040cb2
type: cond
instrs: 2
instr_addrs: 0x8040cb0
successors: ['0x8040cc8']
adj_instr: 0x8040cb4
-------------------
start_addr: 0x8040cc2
end_addr: 0x8040cc4
type: cond
instrs: 2
instr_addrs: 0x8040cc2
successors: ['0x8040cd2']
adj_instr: 0x8040cc6
-------------------
